#-----------------------------------------------------------
# Vivado v2018.3 (64-bit)
# SW Build 2405991 on Thu Dec  6 23:36:41 MST 2018
# IP Build 2404404 on Fri Dec  7 01:43:56 MST 2018
# Start of session at: Sat Apr  4 17:04:00 2020
# Process ID: 18093
# Current directory: /home/ninnart/learn-verilog
# Command line: vivado
# Log file: /home/ninnart/learn-verilog/vivado.log
# Journal file: /home/ninnart/learn-verilog/vivado.jou
#-----------------------------------------------------------
start_gui
WARNING: [Board 49-26] cannot add Board Part em.avnet.com:ultrazed_7ev_cc_es2:part0:1.1 available at /home/ninnart/Xilinx/Vivado/2018.3/data/boards/board_files/ultrazed_7ev_cc_es2/1.1/board.xml as part xczu7ev-fbvb900-1-i-es2 specified in board_part file is either invalid or not available
WARNING: [Board 49-26] cannot add Board Part em.avnet.com:ultrazed_eg_iocc:part0:1.0 available at /home/ninnart/Xilinx/Vivado/2018.3/data/boards/board_files/ultrazed_3eg_iocc_es1/1.0/board.xml as part xczu3eg-sfva625-1-i-es1 specified in board_part file is either invalid or not available
WARNING: [Board 49-26] cannot add Board Part em.avnet.com:ultrazed_eg_pciecc:part0:1.0 available at /home/ninnart/Xilinx/Vivado/2018.3/data/boards/board_files/ultrazed_3eg_pciecc_es1/1.0/board.xml as part xczu3eg-sfva625-1-i-es1 specified in board_part file is either invalid or not available
WARNING: [Board 49-26] cannot add Board Part em.avnet.com:ultrazed_eg_som:part0:1.0 available at /home/ninnart/Xilinx/Vivado/2018.3/data/boards/board_files/ultrazed_3eg_som_es1/1.0/board.xml as part xczu3eg-sfva625-1-i-es1 specified in board_part file is either invalid or not available
WARNING: [Board 49-26] cannot add Board Part em.avnet.com:ultrazed_ev_som_es2:part0:1.1 available at /home/ninnart/Xilinx/Vivado/2018.3/data/boards/board_files/ultrazed_7ev_som_es2/1.1/board.xml as part xczu7ev-fbvb900-1-i-es2 specified in board_part file is either invalid or not available
WARNING: [Board 49-26] cannot add Board Part em.avnet.com:ultrazed_7ev_cc_es2:part0:1.1 available at /home/ninnart/Xilinx/Vivado/2018.3/data/boards/board_files/ultrazed_7ev_cc_es2/1.1/board.xml as part xczu7ev-fbvb900-1-i-es2 specified in board_part file is either invalid or not available
WARNING: [Board 49-26] cannot add Board Part em.avnet.com:ultrazed_eg_iocc:part0:1.0 available at /home/ninnart/Xilinx/Vivado/2018.3/data/boards/board_files/ultrazed_3eg_iocc_es1/1.0/board.xml as part xczu3eg-sfva625-1-i-es1 specified in board_part file is either invalid or not available
WARNING: [Board 49-26] cannot add Board Part em.avnet.com:ultrazed_eg_pciecc:part0:1.0 available at /home/ninnart/Xilinx/Vivado/2018.3/data/boards/board_files/ultrazed_3eg_pciecc_es1/1.0/board.xml as part xczu3eg-sfva625-1-i-es1 specified in board_part file is either invalid or not available
WARNING: [Board 49-26] cannot add Board Part em.avnet.com:ultrazed_eg_som:part0:1.0 available at /home/ninnart/Xilinx/Vivado/2018.3/data/boards/board_files/ultrazed_3eg_som_es1/1.0/board.xml as part xczu3eg-sfva625-1-i-es1 specified in board_part file is either invalid or not available
WARNING: [Board 49-26] cannot add Board Part em.avnet.com:ultrazed_ev_som_es2:part0:1.1 available at /home/ninnart/Xilinx/Vivado/2018.3/data/boards/board_files/ultrazed_7ev_som_es2/1.1/board.xml as part xczu7ev-fbvb900-1-i-es2 specified in board_part file is either invalid or not available
WARNING: [Board 49-26] cannot add Board Part em.avnet.com:ultrazed_7ev_cc_es2:part0:1.1 available at /home/ninnart/Xilinx/Vivado/2018.3/data/boards/board_files/ultrazed_7ev_cc_es2/1.1/board.xml as part xczu7ev-fbvb900-1-i-es2 specified in board_part file is either invalid or not available
WARNING: [Board 49-26] cannot add Board Part em.avnet.com:ultrazed_eg_iocc:part0:1.0 available at /home/ninnart/Xilinx/Vivado/2018.3/data/boards/board_files/ultrazed_3eg_iocc_es1/1.0/board.xml as part xczu3eg-sfva625-1-i-es1 specified in board_part file is either invalid or not available
WARNING: [Board 49-26] cannot add Board Part em.avnet.com:ultrazed_eg_pciecc:part0:1.0 available at /home/ninnart/Xilinx/Vivado/2018.3/data/boards/board_files/ultrazed_3eg_pciecc_es1/1.0/board.xml as part xczu3eg-sfva625-1-i-es1 specified in board_part file is either invalid or not available
WARNING: [Board 49-26] cannot add Board Part em.avnet.com:ultrazed_eg_som:part0:1.0 available at /home/ninnart/Xilinx/Vivado/2018.3/data/boards/board_files/ultrazed_3eg_som_es1/1.0/board.xml as part xczu3eg-sfva625-1-i-es1 specified in board_part file is either invalid or not available
WARNING: [Board 49-26] cannot add Board Part em.avnet.com:ultrazed_ev_som_es2:part0:1.1 available at /home/ninnart/Xilinx/Vivado/2018.3/data/boards/board_files/ultrazed_7ev_som_es2/1.1/board.xml as part xczu7ev-fbvb900-1-i-es2 specified in board_part file is either invalid or not available
WARNING: [Board 49-26] cannot add Board Part em.avnet.com:ultrazed_7ev_cc_es2:part0:1.1 available at /home/ninnart/Xilinx/Vivado/2018.3/data/boards/board_files/ultrazed_7ev_cc_es2/1.1/board.xml as part xczu7ev-fbvb900-1-i-es2 specified in board_part file is either invalid or not available
WARNING: [Board 49-26] cannot add Board Part em.avnet.com:ultrazed_eg_iocc:part0:1.0 available at /home/ninnart/Xilinx/Vivado/2018.3/data/boards/board_files/ultrazed_3eg_iocc_es1/1.0/board.xml as part xczu3eg-sfva625-1-i-es1 specified in board_part file is either invalid or not available
WARNING: [Board 49-26] cannot add Board Part em.avnet.com:ultrazed_eg_pciecc:part0:1.0 available at /home/ninnart/Xilinx/Vivado/2018.3/data/boards/board_files/ultrazed_3eg_pciecc_es1/1.0/board.xml as part xczu3eg-sfva625-1-i-es1 specified in board_part file is either invalid or not available
WARNING: [Board 49-26] cannot add Board Part em.avnet.com:ultrazed_eg_som:part0:1.0 available at /home/ninnart/Xilinx/Vivado/2018.3/data/boards/board_files/ultrazed_3eg_som_es1/1.0/board.xml as part xczu3eg-sfva625-1-i-es1 specified in board_part file is either invalid or not available
WARNING: [Board 49-26] cannot add Board Part em.avnet.com:ultrazed_ev_som_es2:part0:1.1 available at /home/ninnart/Xilinx/Vivado/2018.3/data/boards/board_files/ultrazed_7ev_som_es2/1.1/board.xml as part xczu7ev-fbvb900-1-i-es2 specified in board_part file is either invalid or not available
WARNING: [Board 49-26] cannot add Board Part em.avnet.com:ultrazed_7ev_cc_es2:part0:1.1 available at /home/ninnart/Xilinx/Vivado/2018.3/data/boards/board_files/ultrazed_7ev_cc_es2/1.1/board.xml as part xczu7ev-fbvb900-1-i-es2 specified in board_part file is either invalid or not available
WARNING: [Board 49-26] cannot add Board Part em.avnet.com:ultrazed_eg_iocc:part0:1.0 available at /home/ninnart/Xilinx/Vivado/2018.3/data/boards/board_files/ultrazed_3eg_iocc_es1/1.0/board.xml as part xczu3eg-sfva625-1-i-es1 specified in board_part file is either invalid or not available
WARNING: [Board 49-26] cannot add Board Part em.avnet.com:ultrazed_eg_pciecc:part0:1.0 available at /home/ninnart/Xilinx/Vivado/2018.3/data/boards/board_files/ultrazed_3eg_pciecc_es1/1.0/board.xml as part xczu3eg-sfva625-1-i-es1 specified in board_part file is either invalid or not available
WARNING: [Board 49-26] cannot add Board Part em.avnet.com:ultrazed_eg_som:part0:1.0 available at /home/ninnart/Xilinx/Vivado/2018.3/data/boards/board_files/ultrazed_3eg_som_es1/1.0/board.xml as part xczu3eg-sfva625-1-i-es1 specified in board_part file is either invalid or not available
WARNING: [Board 49-26] cannot add Board Part em.avnet.com:ultrazed_ev_som_es2:part0:1.1 available at /home/ninnart/Xilinx/Vivado/2018.3/data/boards/board_files/ultrazed_7ev_som_es2/1.1/board.xml as part xczu7ev-fbvb900-1-i-es2 specified in board_part file is either invalid or not available
WARNING: [Board 49-26] cannot add Board Part em.avnet.com:ultrazed_7ev_cc_es2:part0:1.1 available at /home/ninnart/Xilinx/Vivado/2018.3/data/boards/board_files/ultrazed_7ev_cc_es2/1.1/board.xml as part xczu7ev-fbvb900-1-i-es2 specified in board_part file is either invalid or not available
WARNING: [Board 49-26] cannot add Board Part em.avnet.com:ultrazed_eg_iocc:part0:1.0 available at /home/ninnart/Xilinx/Vivado/2018.3/data/boards/board_files/ultrazed_3eg_iocc_es1/1.0/board.xml as part xczu3eg-sfva625-1-i-es1 specified in board_part file is either invalid or not available
WARNING: [Board 49-26] cannot add Board Part em.avnet.com:ultrazed_eg_pciecc:part0:1.0 available at /home/ninnart/Xilinx/Vivado/2018.3/data/boards/board_files/ultrazed_3eg_pciecc_es1/1.0/board.xml as part xczu3eg-sfva625-1-i-es1 specified in board_part file is either invalid or not available
WARNING: [Board 49-26] cannot add Board Part em.avnet.com:ultrazed_eg_som:part0:1.0 available at /home/ninnart/Xilinx/Vivado/2018.3/data/boards/board_files/ultrazed_3eg_som_es1/1.0/board.xml as part xczu3eg-sfva625-1-i-es1 specified in board_part file is either invalid or not available
WARNING: [Board 49-26] cannot add Board Part em.avnet.com:ultrazed_ev_som_es2:part0:1.1 available at /home/ninnart/Xilinx/Vivado/2018.3/data/boards/board_files/ultrazed_7ev_som_es2/1.1/board.xml as part xczu7ev-fbvb900-1-i-es2 specified in board_part file is either invalid or not available
WARNING: [Board 49-26] cannot add Board Part em.avnet.com:ultrazed_7ev_cc_es2:part0:1.1 available at /home/ninnart/Xilinx/Vivado/2018.3/data/boards/board_files/ultrazed_7ev_cc_es2/1.1/board.xml as part xczu7ev-fbvb900-1-i-es2 specified in board_part file is either invalid or not available
WARNING: [Board 49-26] cannot add Board Part em.avnet.com:ultrazed_eg_iocc:part0:1.0 available at /home/ninnart/Xilinx/Vivado/2018.3/data/boards/board_files/ultrazed_3eg_iocc_es1/1.0/board.xml as part xczu3eg-sfva625-1-i-es1 specified in board_part file is either invalid or not available
WARNING: [Board 49-26] cannot add Board Part em.avnet.com:ultrazed_eg_pciecc:part0:1.0 available at /home/ninnart/Xilinx/Vivado/2018.3/data/boards/board_files/ultrazed_3eg_pciecc_es1/1.0/board.xml as part xczu3eg-sfva625-1-i-es1 specified in board_part file is either invalid or not available
WARNING: [Board 49-26] cannot add Board Part em.avnet.com:ultrazed_eg_som:part0:1.0 available at /home/ninnart/Xilinx/Vivado/2018.3/data/boards/board_files/ultrazed_3eg_som_es1/1.0/board.xml as part xczu3eg-sfva625-1-i-es1 specified in board_part file is either invalid or not available
WARNING: [Board 49-26] cannot add Board Part em.avnet.com:ultrazed_ev_som_es2:part0:1.1 available at /home/ninnart/Xilinx/Vivado/2018.3/data/boards/board_files/ultrazed_7ev_som_es2/1.1/board.xml as part xczu7ev-fbvb900-1-i-es2 specified in board_part file is either invalid or not available
WARNING: [Board 49-26] cannot add Board Part em.avnet.com:ultrazed_7ev_cc_es2:part0:1.1 available at /home/ninnart/Xilinx/Vivado/2018.3/data/boards/board_files/ultrazed_7ev_cc_es2/1.1/board.xml as part xczu7ev-fbvb900-1-i-es2 specified in board_part file is either invalid or not available
WARNING: [Board 49-26] cannot add Board Part em.avnet.com:ultrazed_eg_iocc:part0:1.0 available at /home/ninnart/Xilinx/Vivado/2018.3/data/boards/board_files/ultrazed_3eg_iocc_es1/1.0/board.xml as part xczu3eg-sfva625-1-i-es1 specified in board_part file is either invalid or not available
WARNING: [Board 49-26] cannot add Board Part em.avnet.com:ultrazed_eg_pciecc:part0:1.0 available at /home/ninnart/Xilinx/Vivado/2018.3/data/boards/board_files/ultrazed_3eg_pciecc_es1/1.0/board.xml as part xczu3eg-sfva625-1-i-es1 specified in board_part file is either invalid or not available
WARNING: [Board 49-26] cannot add Board Part em.avnet.com:ultrazed_eg_som:part0:1.0 available at /home/ninnart/Xilinx/Vivado/2018.3/data/boards/board_files/ultrazed_3eg_som_es1/1.0/board.xml as part xczu3eg-sfva625-1-i-es1 specified in board_part file is either invalid or not available
WARNING: [Board 49-26] cannot add Board Part em.avnet.com:ultrazed_ev_som_es2:part0:1.1 available at /home/ninnart/Xilinx/Vivado/2018.3/data/boards/board_files/ultrazed_7ev_som_es2/1.1/board.xml as part xczu7ev-fbvb900-1-i-es2 specified in board_part file is either invalid or not available
WARNING: [Board 49-26] cannot add Board Part em.avnet.com:ultrazed_7ev_cc_es2:part0:1.1 available at /home/ninnart/Xilinx/Vivado/2018.3/data/boards/board_files/ultrazed_7ev_cc_es2/1.1/board.xml as part xczu7ev-fbvb900-1-i-es2 specified in board_part file is either invalid or not available
WARNING: [Board 49-26] cannot add Board Part em.avnet.com:ultrazed_eg_iocc:part0:1.0 available at /home/ninnart/Xilinx/Vivado/2018.3/data/boards/board_files/ultrazed_3eg_iocc_es1/1.0/board.xml as part xczu3eg-sfva625-1-i-es1 specified in board_part file is either invalid or not available
WARNING: [Board 49-26] cannot add Board Part em.avnet.com:ultrazed_eg_pciecc:part0:1.0 available at /home/ninnart/Xilinx/Vivado/2018.3/data/boards/board_files/ultrazed_3eg_pciecc_es1/1.0/board.xml as part xczu3eg-sfva625-1-i-es1 specified in board_part file is either invalid or not available
WARNING: [Board 49-26] cannot add Board Part em.avnet.com:ultrazed_eg_som:part0:1.0 available at /home/ninnart/Xilinx/Vivado/2018.3/data/boards/board_files/ultrazed_3eg_som_es1/1.0/board.xml as part xczu3eg-sfva625-1-i-es1 specified in board_part file is either invalid or not available
WARNING: [Board 49-26] cannot add Board Part em.avnet.com:ultrazed_ev_som_es2:part0:1.1 available at /home/ninnart/Xilinx/Vivado/2018.3/data/boards/board_files/ultrazed_7ev_som_es2/1.1/board.xml as part xczu7ev-fbvb900-1-i-es2 specified in board_part file is either invalid or not available
WARNING: [Board 49-26] cannot add Board Part em.avnet.com:ultrazed_7ev_cc_es2:part0:1.1 available at /home/ninnart/Xilinx/Vivado/2018.3/data/boards/board_files/ultrazed_7ev_cc_es2/1.1/board.xml as part xczu7ev-fbvb900-1-i-es2 specified in board_part file is either invalid or not available
WARNING: [Board 49-26] cannot add Board Part em.avnet.com:ultrazed_eg_iocc:part0:1.0 available at /home/ninnart/Xilinx/Vivado/2018.3/data/boards/board_files/ultrazed_3eg_iocc_es1/1.0/board.xml as part xczu3eg-sfva625-1-i-es1 specified in board_part file is either invalid or not available
WARNING: [Board 49-26] cannot add Board Part em.avnet.com:ultrazed_eg_pciecc:part0:1.0 available at /home/ninnart/Xilinx/Vivado/2018.3/data/boards/board_files/ultrazed_3eg_pciecc_es1/1.0/board.xml as part xczu3eg-sfva625-1-i-es1 specified in board_part file is either invalid or not available
WARNING: [Board 49-26] cannot add Board Part em.avnet.com:ultrazed_eg_som:part0:1.0 available at /home/ninnart/Xilinx/Vivado/2018.3/data/boards/board_files/ultrazed_3eg_som_es1/1.0/board.xml as part xczu3eg-sfva625-1-i-es1 specified in board_part file is either invalid or not available
WARNING: [Board 49-26] cannot add Board Part em.avnet.com:ultrazed_ev_som_es2:part0:1.1 available at /home/ninnart/Xilinx/Vivado/2018.3/data/boards/board_files/ultrazed_7ev_som_es2/1.1/board.xml as part xczu7ev-fbvb900-1-i-es2 specified in board_part file is either invalid or not available
WARNING: [Board 49-26] cannot add Board Part em.avnet.com:ultrazed_7ev_cc_es2:part0:1.1 available at /home/ninnart/Xilinx/Vivado/2018.3/data/boards/board_files/ultrazed_7ev_cc_es2/1.1/board.xml as part xczu7ev-fbvb900-1-i-es2 specified in board_part file is either invalid or not available
WARNING: [Board 49-26] cannot add Board Part em.avnet.com:ultrazed_eg_iocc:part0:1.0 available at /home/ninnart/Xilinx/Vivado/2018.3/data/boards/board_files/ultrazed_3eg_iocc_es1/1.0/board.xml as part xczu3eg-sfva625-1-i-es1 specified in board_part file is either invalid or not available
WARNING: [Board 49-26] cannot add Board Part em.avnet.com:ultrazed_eg_pciecc:part0:1.0 available at /home/ninnart/Xilinx/Vivado/2018.3/data/boards/board_files/ultrazed_3eg_pciecc_es1/1.0/board.xml as part xczu3eg-sfva625-1-i-es1 specified in board_part file is either invalid or not available
WARNING: [Board 49-26] cannot add Board Part em.avnet.com:ultrazed_eg_som:part0:1.0 available at /home/ninnart/Xilinx/Vivado/2018.3/data/boards/board_files/ultrazed_3eg_som_es1/1.0/board.xml as part xczu3eg-sfva625-1-i-es1 specified in board_part file is either invalid or not available
WARNING: [Board 49-26] cannot add Board Part em.avnet.com:ultrazed_ev_som_es2:part0:1.1 available at /home/ninnart/Xilinx/Vivado/2018.3/data/boards/board_files/ultrazed_7ev_som_es2/1.1/board.xml as part xczu7ev-fbvb900-1-i-es2 specified in board_part file is either invalid or not available
WARNING: [Board 49-26] cannot add Board Part em.avnet.com:ultrazed_7ev_cc_es2:part0:1.1 available at /home/ninnart/Xilinx/Vivado/2018.3/data/boards/board_files/ultrazed_7ev_cc_es2/1.1/board.xml as part xczu7ev-fbvb900-1-i-es2 specified in board_part file is either invalid or not available
WARNING: [Board 49-26] cannot add Board Part em.avnet.com:ultrazed_eg_iocc:part0:1.0 available at /home/ninnart/Xilinx/Vivado/2018.3/data/boards/board_files/ultrazed_3eg_iocc_es1/1.0/board.xml as part xczu3eg-sfva625-1-i-es1 specified in board_part file is either invalid or not available
WARNING: [Board 49-26] cannot add Board Part em.avnet.com:ultrazed_eg_pciecc:part0:1.0 available at /home/ninnart/Xilinx/Vivado/2018.3/data/boards/board_files/ultrazed_3eg_pciecc_es1/1.0/board.xml as part xczu3eg-sfva625-1-i-es1 specified in board_part file is either invalid or not available
WARNING: [Board 49-26] cannot add Board Part em.avnet.com:ultrazed_eg_som:part0:1.0 available at /home/ninnart/Xilinx/Vivado/2018.3/data/boards/board_files/ultrazed_3eg_som_es1/1.0/board.xml as part xczu3eg-sfva625-1-i-es1 specified in board_part file is either invalid or not available
WARNING: [Board 49-26] cannot add Board Part em.avnet.com:ultrazed_ev_som_es2:part0:1.1 available at /home/ninnart/Xilinx/Vivado/2018.3/data/boards/board_files/ultrazed_7ev_som_es2/1.1/board.xml as part xczu7ev-fbvb900-1-i-es2 specified in board_part file is either invalid or not available
WARNING: [Board 49-26] cannot add Board Part em.avnet.com:ultrazed_7ev_cc_es2:part0:1.1 available at /home/ninnart/Xilinx/Vivado/2018.3/data/boards/board_files/ultrazed_7ev_cc_es2/1.1/board.xml as part xczu7ev-fbvb900-1-i-es2 specified in board_part file is either invalid or not available
WARNING: [Board 49-26] cannot add Board Part em.avnet.com:ultrazed_eg_iocc:part0:1.0 available at /home/ninnart/Xilinx/Vivado/2018.3/data/boards/board_files/ultrazed_3eg_iocc_es1/1.0/board.xml as part xczu3eg-sfva625-1-i-es1 specified in board_part file is either invalid or not available
WARNING: [Board 49-26] cannot add Board Part em.avnet.com:ultrazed_eg_pciecc:part0:1.0 available at /home/ninnart/Xilinx/Vivado/2018.3/data/boards/board_files/ultrazed_3eg_pciecc_es1/1.0/board.xml as part xczu3eg-sfva625-1-i-es1 specified in board_part file is either invalid or not available
WARNING: [Board 49-26] cannot add Board Part em.avnet.com:ultrazed_eg_som:part0:1.0 available at /home/ninnart/Xilinx/Vivado/2018.3/data/boards/board_files/ultrazed_3eg_som_es1/1.0/board.xml as part xczu3eg-sfva625-1-i-es1 specified in board_part file is either invalid or not available
WARNING: [Board 49-26] cannot add Board Part em.avnet.com:ultrazed_ev_som_es2:part0:1.1 available at /home/ninnart/Xilinx/Vivado/2018.3/data/boards/board_files/ultrazed_7ev_som_es2/1.1/board.xml as part xczu7ev-fbvb900-1-i-es2 specified in board_part file is either invalid or not available
WARNING: [Board 49-26] cannot add Board Part em.avnet.com:ultrazed_7ev_cc_es2:part0:1.1 available at /home/ninnart/Xilinx/Vivado/2018.3/data/boards/board_files/ultrazed_7ev_cc_es2/1.1/board.xml as part xczu7ev-fbvb900-1-i-es2 specified in board_part file is either invalid or not available
WARNING: [Board 49-26] cannot add Board Part em.avnet.com:ultrazed_eg_iocc:part0:1.0 available at /home/ninnart/Xilinx/Vivado/2018.3/data/boards/board_files/ultrazed_3eg_iocc_es1/1.0/board.xml as part xczu3eg-sfva625-1-i-es1 specified in board_part file is either invalid or not available
WARNING: [Board 49-26] cannot add Board Part em.avnet.com:ultrazed_eg_pciecc:part0:1.0 available at /home/ninnart/Xilinx/Vivado/2018.3/data/boards/board_files/ultrazed_3eg_pciecc_es1/1.0/board.xml as part xczu3eg-sfva625-1-i-es1 specified in board_part file is either invalid or not available
WARNING: [Board 49-26] cannot add Board Part em.avnet.com:ultrazed_eg_som:part0:1.0 available at /home/ninnart/Xilinx/Vivado/2018.3/data/boards/board_files/ultrazed_3eg_som_es1/1.0/board.xml as part xczu3eg-sfva625-1-i-es1 specified in board_part file is either invalid or not available
WARNING: [Board 49-26] cannot add Board Part em.avnet.com:ultrazed_ev_som_es2:part0:1.1 available at /home/ninnart/Xilinx/Vivado/2018.3/data/boards/board_files/ultrazed_7ev_som_es2/1.1/board.xml as part xczu7ev-fbvb900-1-i-es2 specified in board_part file is either invalid or not available
create_project 4_exer553 /home/ninnart/learn-verilog/4_exer553 -part xczu3eg-sbva484-1-e
INFO: [IP_Flow 19-234] Refreshing IP repositories
INFO: [IP_Flow 19-1704] No user IP repositories specified
INFO: [IP_Flow 19-2313] Loaded Vivado IP repository '/home/ninnart/Xilinx/Vivado/2018.3/data/ip'.
create_project: Time (s): cpu = 00:00:11 ; elapsed = 00:00:07 . Memory (MB): peak = 6596.258 ; gain = 100.488 ; free physical = 22051 ; free virtual = 56942
set_property board_part em.avnet.com:ultra96v2:part0:1.0 [current_project]
file mkdir /home/ninnart/learn-verilog/4_exer553/4_exer553.srcs/sources_1/new
close [ open /home/ninnart/learn-verilog/4_exer553/4_exer553.srcs/sources_1/new/top.v w ]
add_files /home/ninnart/learn-verilog/4_exer553/4_exer553.srcs/sources_1/new/top.v
update_compile_order -fileset sources_1
WARNING: [IP_Flow 19-3899] Cannot get the environment domain name variable for the component vendor name. Setting the vendor name to 'user.org'.
WARNING: [IP_Flow 19-3899] Cannot get the environment domain name variable for the component vendor name. Setting the vendor name to 'user.org'.
launch_runs synth_1 -jobs 12
[Sat Apr  4 17:58:05 2020] Launched synth_1...
Run output will be captured here: /home/ninnart/learn-verilog/4_exer553/4_exer553.runs/synth_1/runme.log
launch_runs: Time (s): cpu = 00:00:33 ; elapsed = 00:02:00 . Memory (MB): peak = 6716.191 ; gain = 9.879 ; free physical = 21678 ; free virtual = 56783
launch_runs impl_1 -jobs 12
[Sat Apr  4 18:00:54 2020] Launched impl_1...
Run output will be captured here: /home/ninnart/learn-verilog/4_exer553/4_exer553.runs/impl_1/runme.log
launch_runs: Time (s): cpu = 00:00:10 ; elapsed = 00:02:00 . Memory (MB): peak = 6718.074 ; gain = 0.000 ; free physical = 20455 ; free virtual = 55570
open_run impl_1
INFO: [Netlist 29-17] Analyzing 3 Unisim elements for replacement
INFO: [Netlist 29-28] Unisim Transformation completed in 0 CPU seconds
INFO: [Project 1-479] Netlist was created with Vivado 2018.3
INFO: [Device 21-403] Loading part xczu3eg-sbva484-1-e
INFO: [Project 1-570] Preparing netlist for logic optimization
Reading XDEF placement.
Reading placer database...
Reading XDEF routing.
Read XDEF File: Time (s): cpu = 00:00:00.03 ; elapsed = 00:00:00.02 . Memory (MB): peak = 7546.387 ; gain = 0.000 ; free physical = 20804 ; free virtual = 55976
Restored from archive | CPU: 0.030000 secs | Memory: 0.023842 MB |
Finished XDEF File Restore: Time (s): cpu = 00:00:00.03 ; elapsed = 00:00:00.02 . Memory (MB): peak = 7546.387 ; gain = 0.000 ; free physical = 20804 ; free virtual = 55976
Netlist sorting complete. Time (s): cpu = 00:00:00 ; elapsed = 00:00:00 . Memory (MB): peak = 7546.387 ; gain = 0.000 ; free physical = 20804 ; free virtual = 55976
INFO: [Project 1-111] Unisim Transformation Summary:
  A total of 3 instances were transformed.
  IBUF => IBUF (IBUFCTRL, INBUF): 3 instances

open_run: Time (s): cpu = 00:00:24 ; elapsed = 00:01:39 . Memory (MB): peak = 7604.414 ; gain = 884.340 ; free physical = 20646 ; free virtual = 55820
WARNING: [Timing 38-313] There are no user specified timing constraints. Timing constraints are needed for proper timing analysis.
exit
INFO: [Common 17-206] Exiting Vivado at Sat Apr  4 18:29:43 2020...
