#-----------------------------------------------------------
# Vivado v2018.3 (64-bit)
# SW Build 2405991 on Thu Dec  6 23:36:41 MST 2018
# IP Build 2404404 on Fri Dec  7 01:43:56 MST 2018
# Start of session at: Sun Apr  5 12:06:55 2020
# Process ID: 2535
# Current directory: /home/ninnart/learn-verilog
# Command line: vivado
# Log file: /home/ninnart/learn-verilog/vivado.log
# Journal file: /home/ninnart/learn-verilog/vivado.jou
#-----------------------------------------------------------
start_gui
WARNING: [Board 49-26] cannot add Board Part em.avnet.com:ultrazed_7ev_cc_es2:part0:1.1 available at /home/ninnart/Xilinx/Vivado/2018.3/data/boards/board_files/ultrazed_7ev_cc_es2/1.1/board.xml as part xczu7ev-fbvb900-1-i-es2 specified in board_part file is either invalid or not available
WARNING: [Board 49-26] cannot add Board Part em.avnet.com:ultrazed_eg_iocc:part0:1.0 available at /home/ninnart/Xilinx/Vivado/2018.3/data/boards/board_files/ultrazed_3eg_iocc_es1/1.0/board.xml as part xczu3eg-sfva625-1-i-es1 specified in board_part file is either invalid or not available
WARNING: [Board 49-26] cannot add Board Part em.avnet.com:ultrazed_eg_pciecc:part0:1.0 available at /home/ninnart/Xilinx/Vivado/2018.3/data/boards/board_files/ultrazed_3eg_pciecc_es1/1.0/board.xml as part xczu3eg-sfva625-1-i-es1 specified in board_part file is either invalid or not available
WARNING: [Board 49-26] cannot add Board Part em.avnet.com:ultrazed_eg_som:part0:1.0 available at /home/ninnart/Xilinx/Vivado/2018.3/data/boards/board_files/ultrazed_3eg_som_es1/1.0/board.xml as part xczu3eg-sfva625-1-i-es1 specified in board_part file is either invalid or not available
WARNING: [Board 49-26] cannot add Board Part em.avnet.com:ultrazed_ev_som_es2:part0:1.1 available at /home/ninnart/Xilinx/Vivado/2018.3/data/boards/board_files/ultrazed_7ev_som_es2/1.1/board.xml as part xczu7ev-fbvb900-1-i-es2 specified in board_part file is either invalid or not available
WARNING: [Board 49-26] cannot add Board Part em.avnet.com:ultrazed_7ev_cc_es2:part0:1.1 available at /home/ninnart/Xilinx/Vivado/2018.3/data/boards/board_files/ultrazed_7ev_cc_es2/1.1/board.xml as part xczu7ev-fbvb900-1-i-es2 specified in board_part file is either invalid or not available
WARNING: [Board 49-26] cannot add Board Part em.avnet.com:ultrazed_eg_iocc:part0:1.0 available at /home/ninnart/Xilinx/Vivado/2018.3/data/boards/board_files/ultrazed_3eg_iocc_es1/1.0/board.xml as part xczu3eg-sfva625-1-i-es1 specified in board_part file is either invalid or not available
WARNING: [Board 49-26] cannot add Board Part em.avnet.com:ultrazed_eg_pciecc:part0:1.0 available at /home/ninnart/Xilinx/Vivado/2018.3/data/boards/board_files/ultrazed_3eg_pciecc_es1/1.0/board.xml as part xczu3eg-sfva625-1-i-es1 specified in board_part file is either invalid or not available
WARNING: [Board 49-26] cannot add Board Part em.avnet.com:ultrazed_eg_som:part0:1.0 available at /home/ninnart/Xilinx/Vivado/2018.3/data/boards/board_files/ultrazed_3eg_som_es1/1.0/board.xml as part xczu3eg-sfva625-1-i-es1 specified in board_part file is either invalid or not available
WARNING: [Board 49-26] cannot add Board Part em.avnet.com:ultrazed_ev_som_es2:part0:1.1 available at /home/ninnart/Xilinx/Vivado/2018.3/data/boards/board_files/ultrazed_7ev_som_es2/1.1/board.xml as part xczu7ev-fbvb900-1-i-es2 specified in board_part file is either invalid or not available
WARNING: [Board 49-26] cannot add Board Part em.avnet.com:ultrazed_7ev_cc_es2:part0:1.1 available at /home/ninnart/Xilinx/Vivado/2018.3/data/boards/board_files/ultrazed_7ev_cc_es2/1.1/board.xml as part xczu7ev-fbvb900-1-i-es2 specified in board_part file is either invalid or not available
WARNING: [Board 49-26] cannot add Board Part em.avnet.com:ultrazed_eg_iocc:part0:1.0 available at /home/ninnart/Xilinx/Vivado/2018.3/data/boards/board_files/ultrazed_3eg_iocc_es1/1.0/board.xml as part xczu3eg-sfva625-1-i-es1 specified in board_part file is either invalid or not available
WARNING: [Board 49-26] cannot add Board Part em.avnet.com:ultrazed_eg_pciecc:part0:1.0 available at /home/ninnart/Xilinx/Vivado/2018.3/data/boards/board_files/ultrazed_3eg_pciecc_es1/1.0/board.xml as part xczu3eg-sfva625-1-i-es1 specified in board_part file is either invalid or not available
WARNING: [Board 49-26] cannot add Board Part em.avnet.com:ultrazed_eg_som:part0:1.0 available at /home/ninnart/Xilinx/Vivado/2018.3/data/boards/board_files/ultrazed_3eg_som_es1/1.0/board.xml as part xczu3eg-sfva625-1-i-es1 specified in board_part file is either invalid or not available
WARNING: [Board 49-26] cannot add Board Part em.avnet.com:ultrazed_ev_som_es2:part0:1.1 available at /home/ninnart/Xilinx/Vivado/2018.3/data/boards/board_files/ultrazed_7ev_som_es2/1.1/board.xml as part xczu7ev-fbvb900-1-i-es2 specified in board_part file is either invalid or not available
WARNING: [Board 49-26] cannot add Board Part em.avnet.com:ultrazed_7ev_cc_es2:part0:1.1 available at /home/ninnart/Xilinx/Vivado/2018.3/data/boards/board_files/ultrazed_7ev_cc_es2/1.1/board.xml as part xczu7ev-fbvb900-1-i-es2 specified in board_part file is either invalid or not available
WARNING: [Board 49-26] cannot add Board Part em.avnet.com:ultrazed_eg_iocc:part0:1.0 available at /home/ninnart/Xilinx/Vivado/2018.3/data/boards/board_files/ultrazed_3eg_iocc_es1/1.0/board.xml as part xczu3eg-sfva625-1-i-es1 specified in board_part file is either invalid or not available
WARNING: [Board 49-26] cannot add Board Part em.avnet.com:ultrazed_eg_pciecc:part0:1.0 available at /home/ninnart/Xilinx/Vivado/2018.3/data/boards/board_files/ultrazed_3eg_pciecc_es1/1.0/board.xml as part xczu3eg-sfva625-1-i-es1 specified in board_part file is either invalid or not available
WARNING: [Board 49-26] cannot add Board Part em.avnet.com:ultrazed_eg_som:part0:1.0 available at /home/ninnart/Xilinx/Vivado/2018.3/data/boards/board_files/ultrazed_3eg_som_es1/1.0/board.xml as part xczu3eg-sfva625-1-i-es1 specified in board_part file is either invalid or not available
WARNING: [Board 49-26] cannot add Board Part em.avnet.com:ultrazed_ev_som_es2:part0:1.1 available at /home/ninnart/Xilinx/Vivado/2018.3/data/boards/board_files/ultrazed_7ev_som_es2/1.1/board.xml as part xczu7ev-fbvb900-1-i-es2 specified in board_part file is either invalid or not available
WARNING: [Board 49-26] cannot add Board Part em.avnet.com:ultrazed_7ev_cc_es2:part0:1.1 available at /home/ninnart/Xilinx/Vivado/2018.3/data/boards/board_files/ultrazed_7ev_cc_es2/1.1/board.xml as part xczu7ev-fbvb900-1-i-es2 specified in board_part file is either invalid or not available
WARNING: [Board 49-26] cannot add Board Part em.avnet.com:ultrazed_eg_iocc:part0:1.0 available at /home/ninnart/Xilinx/Vivado/2018.3/data/boards/board_files/ultrazed_3eg_iocc_es1/1.0/board.xml as part xczu3eg-sfva625-1-i-es1 specified in board_part file is either invalid or not available
WARNING: [Board 49-26] cannot add Board Part em.avnet.com:ultrazed_eg_pciecc:part0:1.0 available at /home/ninnart/Xilinx/Vivado/2018.3/data/boards/board_files/ultrazed_3eg_pciecc_es1/1.0/board.xml as part xczu3eg-sfva625-1-i-es1 specified in board_part file is either invalid or not available
WARNING: [Board 49-26] cannot add Board Part em.avnet.com:ultrazed_eg_som:part0:1.0 available at /home/ninnart/Xilinx/Vivado/2018.3/data/boards/board_files/ultrazed_3eg_som_es1/1.0/board.xml as part xczu3eg-sfva625-1-i-es1 specified in board_part file is either invalid or not available
WARNING: [Board 49-26] cannot add Board Part em.avnet.com:ultrazed_ev_som_es2:part0:1.1 available at /home/ninnart/Xilinx/Vivado/2018.3/data/boards/board_files/ultrazed_7ev_som_es2/1.1/board.xml as part xczu7ev-fbvb900-1-i-es2 specified in board_part file is either invalid or not available
WARNING: [Board 49-26] cannot add Board Part em.avnet.com:ultrazed_7ev_cc_es2:part0:1.1 available at /home/ninnart/Xilinx/Vivado/2018.3/data/boards/board_files/ultrazed_7ev_cc_es2/1.1/board.xml as part xczu7ev-fbvb900-1-i-es2 specified in board_part file is either invalid or not available
WARNING: [Board 49-26] cannot add Board Part em.avnet.com:ultrazed_eg_iocc:part0:1.0 available at /home/ninnart/Xilinx/Vivado/2018.3/data/boards/board_files/ultrazed_3eg_iocc_es1/1.0/board.xml as part xczu3eg-sfva625-1-i-es1 specified in board_part file is either invalid or not available
WARNING: [Board 49-26] cannot add Board Part em.avnet.com:ultrazed_eg_pciecc:part0:1.0 available at /home/ninnart/Xilinx/Vivado/2018.3/data/boards/board_files/ultrazed_3eg_pciecc_es1/1.0/board.xml as part xczu3eg-sfva625-1-i-es1 specified in board_part file is either invalid or not available
WARNING: [Board 49-26] cannot add Board Part em.avnet.com:ultrazed_eg_som:part0:1.0 available at /home/ninnart/Xilinx/Vivado/2018.3/data/boards/board_files/ultrazed_3eg_som_es1/1.0/board.xml as part xczu3eg-sfva625-1-i-es1 specified in board_part file is either invalid or not available
WARNING: [Board 49-26] cannot add Board Part em.avnet.com:ultrazed_ev_som_es2:part0:1.1 available at /home/ninnart/Xilinx/Vivado/2018.3/data/boards/board_files/ultrazed_7ev_som_es2/1.1/board.xml as part xczu7ev-fbvb900-1-i-es2 specified in board_part file is either invalid or not available
WARNING: [Board 49-26] cannot add Board Part em.avnet.com:ultrazed_7ev_cc_es2:part0:1.1 available at /home/ninnart/Xilinx/Vivado/2018.3/data/boards/board_files/ultrazed_7ev_cc_es2/1.1/board.xml as part xczu7ev-fbvb900-1-i-es2 specified in board_part file is either invalid or not available
WARNING: [Board 49-26] cannot add Board Part em.avnet.com:ultrazed_eg_iocc:part0:1.0 available at /home/ninnart/Xilinx/Vivado/2018.3/data/boards/board_files/ultrazed_3eg_iocc_es1/1.0/board.xml as part xczu3eg-sfva625-1-i-es1 specified in board_part file is either invalid or not available
WARNING: [Board 49-26] cannot add Board Part em.avnet.com:ultrazed_eg_pciecc:part0:1.0 available at /home/ninnart/Xilinx/Vivado/2018.3/data/boards/board_files/ultrazed_3eg_pciecc_es1/1.0/board.xml as part xczu3eg-sfva625-1-i-es1 specified in board_part file is either invalid or not available
WARNING: [Board 49-26] cannot add Board Part em.avnet.com:ultrazed_eg_som:part0:1.0 available at /home/ninnart/Xilinx/Vivado/2018.3/data/boards/board_files/ultrazed_3eg_som_es1/1.0/board.xml as part xczu3eg-sfva625-1-i-es1 specified in board_part file is either invalid or not available
WARNING: [Board 49-26] cannot add Board Part em.avnet.com:ultrazed_ev_som_es2:part0:1.1 available at /home/ninnart/Xilinx/Vivado/2018.3/data/boards/board_files/ultrazed_7ev_som_es2/1.1/board.xml as part xczu7ev-fbvb900-1-i-es2 specified in board_part file is either invalid or not available
WARNING: [Board 49-26] cannot add Board Part em.avnet.com:ultrazed_7ev_cc_es2:part0:1.1 available at /home/ninnart/Xilinx/Vivado/2018.3/data/boards/board_files/ultrazed_7ev_cc_es2/1.1/board.xml as part xczu7ev-fbvb900-1-i-es2 specified in board_part file is either invalid or not available
WARNING: [Board 49-26] cannot add Board Part em.avnet.com:ultrazed_eg_iocc:part0:1.0 available at /home/ninnart/Xilinx/Vivado/2018.3/data/boards/board_files/ultrazed_3eg_iocc_es1/1.0/board.xml as part xczu3eg-sfva625-1-i-es1 specified in board_part file is either invalid or not available
WARNING: [Board 49-26] cannot add Board Part em.avnet.com:ultrazed_eg_pciecc:part0:1.0 available at /home/ninnart/Xilinx/Vivado/2018.3/data/boards/board_files/ultrazed_3eg_pciecc_es1/1.0/board.xml as part xczu3eg-sfva625-1-i-es1 specified in board_part file is either invalid or not available
WARNING: [Board 49-26] cannot add Board Part em.avnet.com:ultrazed_eg_som:part0:1.0 available at /home/ninnart/Xilinx/Vivado/2018.3/data/boards/board_files/ultrazed_3eg_som_es1/1.0/board.xml as part xczu3eg-sfva625-1-i-es1 specified in board_part file is either invalid or not available
WARNING: [Board 49-26] cannot add Board Part em.avnet.com:ultrazed_ev_som_es2:part0:1.1 available at /home/ninnart/Xilinx/Vivado/2018.3/data/boards/board_files/ultrazed_7ev_som_es2/1.1/board.xml as part xczu7ev-fbvb900-1-i-es2 specified in board_part file is either invalid or not available
WARNING: [Board 49-26] cannot add Board Part em.avnet.com:ultrazed_7ev_cc_es2:part0:1.1 available at /home/ninnart/Xilinx/Vivado/2018.3/data/boards/board_files/ultrazed_7ev_cc_es2/1.1/board.xml as part xczu7ev-fbvb900-1-i-es2 specified in board_part file is either invalid or not available
WARNING: [Board 49-26] cannot add Board Part em.avnet.com:ultrazed_eg_iocc:part0:1.0 available at /home/ninnart/Xilinx/Vivado/2018.3/data/boards/board_files/ultrazed_3eg_iocc_es1/1.0/board.xml as part xczu3eg-sfva625-1-i-es1 specified in board_part file is either invalid or not available
WARNING: [Board 49-26] cannot add Board Part em.avnet.com:ultrazed_eg_pciecc:part0:1.0 available at /home/ninnart/Xilinx/Vivado/2018.3/data/boards/board_files/ultrazed_3eg_pciecc_es1/1.0/board.xml as part xczu3eg-sfva625-1-i-es1 specified in board_part file is either invalid or not available
WARNING: [Board 49-26] cannot add Board Part em.avnet.com:ultrazed_eg_som:part0:1.0 available at /home/ninnart/Xilinx/Vivado/2018.3/data/boards/board_files/ultrazed_3eg_som_es1/1.0/board.xml as part xczu3eg-sfva625-1-i-es1 specified in board_part file is either invalid or not available
WARNING: [Board 49-26] cannot add Board Part em.avnet.com:ultrazed_ev_som_es2:part0:1.1 available at /home/ninnart/Xilinx/Vivado/2018.3/data/boards/board_files/ultrazed_7ev_som_es2/1.1/board.xml as part xczu7ev-fbvb900-1-i-es2 specified in board_part file is either invalid or not available
WARNING: [Board 49-26] cannot add Board Part em.avnet.com:ultrazed_7ev_cc_es2:part0:1.1 available at /home/ninnart/Xilinx/Vivado/2018.3/data/boards/board_files/ultrazed_7ev_cc_es2/1.1/board.xml as part xczu7ev-fbvb900-1-i-es2 specified in board_part file is either invalid or not available
WARNING: [Board 49-26] cannot add Board Part em.avnet.com:ultrazed_eg_iocc:part0:1.0 available at /home/ninnart/Xilinx/Vivado/2018.3/data/boards/board_files/ultrazed_3eg_iocc_es1/1.0/board.xml as part xczu3eg-sfva625-1-i-es1 specified in board_part file is either invalid or not available
WARNING: [Board 49-26] cannot add Board Part em.avnet.com:ultrazed_eg_pciecc:part0:1.0 available at /home/ninnart/Xilinx/Vivado/2018.3/data/boards/board_files/ultrazed_3eg_pciecc_es1/1.0/board.xml as part xczu3eg-sfva625-1-i-es1 specified in board_part file is either invalid or not available
WARNING: [Board 49-26] cannot add Board Part em.avnet.com:ultrazed_eg_som:part0:1.0 available at /home/ninnart/Xilinx/Vivado/2018.3/data/boards/board_files/ultrazed_3eg_som_es1/1.0/board.xml as part xczu3eg-sfva625-1-i-es1 specified in board_part file is either invalid or not available
WARNING: [Board 49-26] cannot add Board Part em.avnet.com:ultrazed_ev_som_es2:part0:1.1 available at /home/ninnart/Xilinx/Vivado/2018.3/data/boards/board_files/ultrazed_7ev_som_es2/1.1/board.xml as part xczu7ev-fbvb900-1-i-es2 specified in board_part file is either invalid or not available
WARNING: [Board 49-26] cannot add Board Part em.avnet.com:ultrazed_7ev_cc_es2:part0:1.1 available at /home/ninnart/Xilinx/Vivado/2018.3/data/boards/board_files/ultrazed_7ev_cc_es2/1.1/board.xml as part xczu7ev-fbvb900-1-i-es2 specified in board_part file is either invalid or not available
WARNING: [Board 49-26] cannot add Board Part em.avnet.com:ultrazed_eg_iocc:part0:1.0 available at /home/ninnart/Xilinx/Vivado/2018.3/data/boards/board_files/ultrazed_3eg_iocc_es1/1.0/board.xml as part xczu3eg-sfva625-1-i-es1 specified in board_part file is either invalid or not available
WARNING: [Board 49-26] cannot add Board Part em.avnet.com:ultrazed_eg_pciecc:part0:1.0 available at /home/ninnart/Xilinx/Vivado/2018.3/data/boards/board_files/ultrazed_3eg_pciecc_es1/1.0/board.xml as part xczu3eg-sfva625-1-i-es1 specified in board_part file is either invalid or not available
WARNING: [Board 49-26] cannot add Board Part em.avnet.com:ultrazed_eg_som:part0:1.0 available at /home/ninnart/Xilinx/Vivado/2018.3/data/boards/board_files/ultrazed_3eg_som_es1/1.0/board.xml as part xczu3eg-sfva625-1-i-es1 specified in board_part file is either invalid or not available
WARNING: [Board 49-26] cannot add Board Part em.avnet.com:ultrazed_ev_som_es2:part0:1.1 available at /home/ninnart/Xilinx/Vivado/2018.3/data/boards/board_files/ultrazed_7ev_som_es2/1.1/board.xml as part xczu7ev-fbvb900-1-i-es2 specified in board_part file is either invalid or not available
WARNING: [Board 49-26] cannot add Board Part em.avnet.com:ultrazed_7ev_cc_es2:part0:1.1 available at /home/ninnart/Xilinx/Vivado/2018.3/data/boards/board_files/ultrazed_7ev_cc_es2/1.1/board.xml as part xczu7ev-fbvb900-1-i-es2 specified in board_part file is either invalid or not available
WARNING: [Board 49-26] cannot add Board Part em.avnet.com:ultrazed_eg_iocc:part0:1.0 available at /home/ninnart/Xilinx/Vivado/2018.3/data/boards/board_files/ultrazed_3eg_iocc_es1/1.0/board.xml as part xczu3eg-sfva625-1-i-es1 specified in board_part file is either invalid or not available
WARNING: [Board 49-26] cannot add Board Part em.avnet.com:ultrazed_eg_pciecc:part0:1.0 available at /home/ninnart/Xilinx/Vivado/2018.3/data/boards/board_files/ultrazed_3eg_pciecc_es1/1.0/board.xml as part xczu3eg-sfva625-1-i-es1 specified in board_part file is either invalid or not available
WARNING: [Board 49-26] cannot add Board Part em.avnet.com:ultrazed_eg_som:part0:1.0 available at /home/ninnart/Xilinx/Vivado/2018.3/data/boards/board_files/ultrazed_3eg_som_es1/1.0/board.xml as part xczu3eg-sfva625-1-i-es1 specified in board_part file is either invalid or not available
WARNING: [Board 49-26] cannot add Board Part em.avnet.com:ultrazed_ev_som_es2:part0:1.1 available at /home/ninnart/Xilinx/Vivado/2018.3/data/boards/board_files/ultrazed_7ev_som_es2/1.1/board.xml as part xczu7ev-fbvb900-1-i-es2 specified in board_part file is either invalid or not available
WARNING: [Board 49-26] cannot add Board Part em.avnet.com:ultrazed_7ev_cc_es2:part0:1.1 available at /home/ninnart/Xilinx/Vivado/2018.3/data/boards/board_files/ultrazed_7ev_cc_es2/1.1/board.xml as part xczu7ev-fbvb900-1-i-es2 specified in board_part file is either invalid or not available
WARNING: [Board 49-26] cannot add Board Part em.avnet.com:ultrazed_eg_iocc:part0:1.0 available at /home/ninnart/Xilinx/Vivado/2018.3/data/boards/board_files/ultrazed_3eg_iocc_es1/1.0/board.xml as part xczu3eg-sfva625-1-i-es1 specified in board_part file is either invalid or not available
WARNING: [Board 49-26] cannot add Board Part em.avnet.com:ultrazed_eg_pciecc:part0:1.0 available at /home/ninnart/Xilinx/Vivado/2018.3/data/boards/board_files/ultrazed_3eg_pciecc_es1/1.0/board.xml as part xczu3eg-sfva625-1-i-es1 specified in board_part file is either invalid or not available
WARNING: [Board 49-26] cannot add Board Part em.avnet.com:ultrazed_eg_som:part0:1.0 available at /home/ninnart/Xilinx/Vivado/2018.3/data/boards/board_files/ultrazed_3eg_som_es1/1.0/board.xml as part xczu3eg-sfva625-1-i-es1 specified in board_part file is either invalid or not available
WARNING: [Board 49-26] cannot add Board Part em.avnet.com:ultrazed_ev_som_es2:part0:1.1 available at /home/ninnart/Xilinx/Vivado/2018.3/data/boards/board_files/ultrazed_7ev_som_es2/1.1/board.xml as part xczu7ev-fbvb900-1-i-es2 specified in board_part file is either invalid or not available
WARNING: [Board 49-26] cannot add Board Part em.avnet.com:ultrazed_7ev_cc_es2:part0:1.1 available at /home/ninnart/Xilinx/Vivado/2018.3/data/boards/board_files/ultrazed_7ev_cc_es2/1.1/board.xml as part xczu7ev-fbvb900-1-i-es2 specified in board_part file is either invalid or not available
WARNING: [Board 49-26] cannot add Board Part em.avnet.com:ultrazed_eg_iocc:part0:1.0 available at /home/ninnart/Xilinx/Vivado/2018.3/data/boards/board_files/ultrazed_3eg_iocc_es1/1.0/board.xml as part xczu3eg-sfva625-1-i-es1 specified in board_part file is either invalid or not available
WARNING: [Board 49-26] cannot add Board Part em.avnet.com:ultrazed_eg_pciecc:part0:1.0 available at /home/ninnart/Xilinx/Vivado/2018.3/data/boards/board_files/ultrazed_3eg_pciecc_es1/1.0/board.xml as part xczu3eg-sfva625-1-i-es1 specified in board_part file is either invalid or not available
WARNING: [Board 49-26] cannot add Board Part em.avnet.com:ultrazed_eg_som:part0:1.0 available at /home/ninnart/Xilinx/Vivado/2018.3/data/boards/board_files/ultrazed_3eg_som_es1/1.0/board.xml as part xczu3eg-sfva625-1-i-es1 specified in board_part file is either invalid or not available
WARNING: [Board 49-26] cannot add Board Part em.avnet.com:ultrazed_ev_som_es2:part0:1.1 available at /home/ninnart/Xilinx/Vivado/2018.3/data/boards/board_files/ultrazed_7ev_som_es2/1.1/board.xml as part xczu7ev-fbvb900-1-i-es2 specified in board_part file is either invalid or not available
create_project 8_excer_mux /home/ninnart/learn-verilog/8_excer_mux -part xczu3eg-sbva484-1-e
INFO: [IP_Flow 19-234] Refreshing IP repositories
INFO: [IP_Flow 19-1704] No user IP repositories specified
INFO: [IP_Flow 19-2313] Loaded Vivado IP repository '/home/ninnart/Xilinx/Vivado/2018.3/data/ip'.
create_project: Time (s): cpu = 00:00:11 ; elapsed = 00:00:06 . Memory (MB): peak = 6485.062 ; gain = 55.625 ; free physical = 23119 ; free virtual = 57644
set_property board_part em.avnet.com:ultra96v2:part0:1.0 [current_project]
file mkdir /home/ninnart/learn-verilog/8_excer_mux/8_excer_mux.srcs/sources_1/new
close [ open /home/ninnart/learn-verilog/8_excer_mux/8_excer_mux.srcs/sources_1/new/top.v w ]
add_files /home/ninnart/learn-verilog/8_excer_mux/8_excer_mux.srcs/sources_1/new/top.v
update_compile_order -fileset sources_1
launch_runs impl_1 -jobs 12
[Sun Apr  5 12:52:02 2020] Launched impl_1...
Run output will be captured here: /home/ninnart/learn-verilog/8_excer_mux/8_excer_mux.runs/impl_1/runme.log
launch_runs: Time (s): cpu = 00:00:10 ; elapsed = 00:02:00 . Memory (MB): peak = 6678.391 ; gain = 6.035 ; free physical = 22734 ; free virtual = 57411
exit
