
*** Running vivado
    with args -log top.vds -m64 -product Vivado -mode batch -messageDb vivado.pb -notrace -source top.tcl


****** Vivado v2018.3 (64-bit)
  **** SW Build 2405991 on Thu Dec  6 23:36:41 MST 2018
  **** IP Build 2404404 on Fri Dec  7 01:43:56 MST 2018
    ** Copyright 1986-2018 Xilinx, Inc. All Rights Reserved.

source top.tcl -notrace
Command: synth_design -top top -part xczu3eg-sbva484-1-e
Starting synth_design
Attempting to get a license for feature 'Synthesis' and/or device 'xczu3eg'
INFO: [Common 17-349] Got license for feature 'Synthesis' and/or device 'xczu3eg'
INFO: Launching helper process for spawning children vivado processes
INFO: Helper process launched with PID 6272 
ERROR: [Synth 8-27] primitive not supported [/home/ninnart/learn-verilog/5_primitive/5_primitive.srcs/sources_1/new/top.v:20]
INFO: [Synth 8-2350] module top ignored due to previous errors [/home/ninnart/learn-verilog/5_primitive/5_primitive.srcs/sources_1/new/top.v:20]
Failed to read verilog '/home/ninnart/learn-verilog/5_primitive/5_primitive.srcs/sources_1/new/top.v'
INFO: [Common 17-83] Releasing license: Synthesis
3 Infos, 0 Warnings, 0 Critical Warnings and 2 Errors encountered.
synth_design failed
ERROR: [Common 17-69] Command failed: Vivado Synthesis failed
INFO: [Common 17-206] Exiting Vivado at Sat Apr  4 18:56:07 2020...
